[Error] 2017/12/12 09:16:00 error.go:7: connectRedisErr
[Error] 2017/12/12 15:13:43 error.go:7: ListenAndServe err
[Error] 2017/12/12 15:13:55 error.go:7: ListenAndServe err
[Error] 2017/12/12 15:24:23 error.go:7: ListenAndServe err
[Error] 2017/12/12 15:35:52 error.go:7: ListenAndServe err
[Error] 2017/12/12 17:37:08 error.go:7: connectRedisErr
[Error] 2017/12/12 17:37:20 error.go:7: ListenAndServe err
[Error] 2017/12/12 18:44:54 error.go:7: store ecology photo err
[Error] 2017/12/12 18:45:39 error.go:7: store ecology photo err
[Error] 2017/12/12 18:46:31 error.go:7: store ecology photo err
[Error] 2017/12/12 18:46:50 error.go:7: store ecology photo err
[Error] 2017/12/12 18:46:50 error.go:7: store ecology photo err
[Error] 2017/12/12 18:48:40 error.go:7: store ecology photo err
[Error] 2017/12/12 18:50:15 error.go:7: store ecology photo err
[Error] 2017/12/12 18:53:39 error.go:7: store ecology photo err
[Error] 2017/12/12 18:54:12 error.go:7: store ecology photo err
[Error] 2017/12/12 19:01:36 error.go:7: store ecology photo err
[Error] 2017/12/12 19:04:50 error.go:7: store ecology photo err
[Error] 2017/12/12 19:06:41 error.go:7: store ecology photo err
[Error] 2017/12/12 19:06:41 error.go:7: store ecology photo err
[Error] 2017/12/12 21:32:25 error.go:7: store ecology err
[Error] 2017/12/12 21:51:23 error.go:7: store ecology err
[Error] 2017/12/13 12:34:28 error.go:7: ListenAndServe err
[Error] 2017/12/13 22:42:55 error.go:7: query organis id from comment with mysql error
[Error] 2017/12/13 22:42:55 error.go:7: query organis id from comment with mysql error
[Error] 2017/12/13 22:59:58 error.go:7: query organis id from comment with mysql error
[Error] 2017/12/13 22:59:58 error.go:7: query organis id from comment with mysql error
[Error] 2017/12/13 23:00:37 error.go:7: query organis id from comment with mysql error
[Error] 2017/12/13 23:00:37 error.go:7: query organis id from comment with mysql error
[Error] 2017/12/13 23:00:37 error.go:7: query organis id from comment with mysql error
[Error] 2017/12/13 23:00:46 error.go:7: query organis id from comment with mysql error
[Error] 2017/12/13 23:01:05 error.go:7: query organis id from comment with mysql error
[Error] 2017/12/13 23:01:38 error.go:7: query organis id from comment with mysql error
[Error] 2017/12/13 23:07:34 error.go:7: query organis id from comment with mysql error
[Error] 2017/12/13 23:10:53 error.go:7: query organis id from comment with mysql error
[Error] 2017/12/13 23:14:12 error.go:7: query organis id from comment with mysql error
[Error] 2017/12/13 23:14:37 error.go:7: query organis id from comment with mysql error
[Error] 2017/12/14 14:11:05 error.go:7: scan photo path from comment with mysql error
[Error] 2017/12/14 14:11:05 error.go:7: scan photo latitude from comment with mysql error
[Error] 2017/12/14 14:11:05 error.go:7: scan photo longitude from comment with mysql error
[Error] 2017/12/14 14:11:10 error.go:7: scan photo path from comment with mysql error
[Error] 2017/12/14 14:11:10 error.go:7: scan photo latitude from comment with mysql error
[Error] 2017/12/14 14:11:10 error.go:7: scan photo longitude from comment with mysql error
[Error] 2017/12/14 14:11:14 error.go:7: scan photo path from comment with mysql error
[Error] 2017/12/14 14:11:14 error.go:7: scan photo latitude from comment with mysql error
[Error] 2017/12/14 14:11:14 error.go:7: scan photo longitude from comment with mysql error
[Error] 2017/12/14 14:12:32 error.go:7: scan photo path from comment with mysql error
[Error] 2017/12/14 14:12:32 error.go:7: scan photo latitude from comment with mysql error
[Error] 2017/12/14 14:12:32 error.go:7: scan photo longitude from comment with mysql error
[Error] 2017/12/14 14:16:56 error.go:7: scan photo path from comment with mysql error
[Error] 2017/12/14 14:16:56 error.go:7: scan photo latitude from comment with mysql error
[Error] 2017/12/14 14:16:56 error.go:7: scan photo longitude from comment with mysql error
[Error] 2017/12/14 14:20:33 error.go:7: scan photo path from comment with mysql error
[Error] 2017/12/14 14:20:33 error.go:7: scan photo latitude from comment with mysql error
[Error] 2017/12/14 14:20:33 error.go:7: scan photo longitude from comment with mysql error
[Error] 2017/12/14 14:21:45 error.go:7: scan photo path from comment with mysql error
[Error] 2017/12/14 14:21:45 error.go:7: scan photo latitude from comment with mysql error
[Error] 2017/12/14 14:21:45 error.go:7: scan photo longitude from comment with mysql error
[Error] 2017/12/14 14:22:26 error.go:7: scan photo path from comment with mysql error
[Error] 2017/12/14 14:23:19 error.go:7: scan photo path from comment with mysql error
[Error] 2017/12/14 14:25:13 error.go:7: scan photo path from comment with mysql error
[Error] 2017/12/14 14:25:40 error.go:7: scan photo path from comment with mysql error
[Error] 2017/12/14 14:27:24 error.go:7: scan photo path from comment with mysql error
[Error] 2017/12/14 14:42:44 error.go:7: scan photo latitude from comment with mysql error
[Error] 2017/12/14 14:42:44 error.go:7: scan photo latitude from comment with mysql error
[Error] 2017/12/14 14:42:44 error.go:7: scan photo latitude from comment with mysql error
[Error] 2017/12/14 14:42:44 error.go:7: scan photo latitude from comment with mysql error
[Error] 2017/12/14 14:42:44 error.go:7: scan photo longitude from comment with mysql error
[Error] 2017/12/14 14:42:44 error.go:7: scan photo longitude from comment with mysql error
[Error] 2017/12/14 14:42:44 error.go:7: scan photo longitude from comment with mysql error
[Error] 2017/12/14 14:42:44 error.go:7: scan photo longitude from comment with mysql error
[Error] 2017/12/14 17:42:09 error.go:7: scan photo latitude from comment with mysql error
[Error] 2017/12/14 17:42:09 error.go:7: scan photo latitude from comment with mysql error
[Error] 2017/12/14 17:42:09 error.go:7: scan photo longitude from comment with mysql error
[Error] 2017/12/14 17:42:09 error.go:7: scan photo longitude from comment with mysql error
[Error] 2017/12/14 23:22:36 error.go:7: ListenAndServe err
[Error] 2017/12/14 23:22:44 error.go:7: ListenAndServe err
[Error] 2017/12/15 07:06:33 error.go:7: get session from redis err
[Error] 2017/12/15 07:06:33 error.go:7: get session from redis err
[Error] 2017/12/15 07:06:33 error.go:7: get session from redis err
[Error] 2017/12/15 07:06:35 error.go:7: get session from redis err
[Error] 2017/12/15 07:06:35 error.go:7: get session from redis err
[Error] 2017/12/15 07:06:35 error.go:7: get session from redis err
[Error] 2017/12/15 07:06:38 error.go:7: get session from redis err
[Error] 2017/12/15 07:06:38 error.go:7: get session from redis err
[Error] 2017/12/15 07:06:38 error.go:7: get session from redis err
[Error] 2017/12/15 07:06:42 error.go:7: get session from redis err
[Error] 2017/12/15 07:06:42 error.go:7: get session from redis err
[Error] 2017/12/15 07:06:42 error.go:7: get session from redis err
[Error] 2017/12/15 07:06:44 error.go:7: get session from redis err
[Error] 2017/12/15 07:06:45 error.go:7: get session from redis err
[Error] 2017/12/15 07:06:49 error.go:7: get session from redis err
[Error] 2017/12/15 07:06:49 error.go:7: get session from redis err
[Error] 2017/12/15 07:06:49 error.go:7: get session from redis err
[Error] 2017/12/15 07:06:50 error.go:7: get session from redis err
[Error] 2017/12/15 07:06:55 error.go:7: get session from redis err
[Error] 2017/12/15 07:06:56 error.go:7: get session from redis err
[Error] 2017/12/15 07:06:56 error.go:7: get session from redis err
[Error] 2017/12/15 07:06:56 error.go:7: get session from redis err
[Error] 2017/12/15 07:06:58 error.go:7: get session from redis err
[Error] 2017/12/15 07:18:42 error.go:7: get session from redis err
[Error] 2017/12/15 07:18:42 error.go:7: get session from redis err
[Error] 2017/12/15 07:18:42 error.go:7: get session from redis err
[Error] 2017/12/15 07:18:45 error.go:7: get session from redis err
[Error] 2017/12/15 07:18:45 error.go:7: get session from redis err
[Error] 2017/12/15 07:18:45 error.go:7: get session from redis err
[Error] 2017/12/15 07:18:48 error.go:7: get session from redis err
[Error] 2017/12/15 07:18:48 error.go:7: get session from redis err
[Error] 2017/12/15 07:18:48 error.go:7: get session from redis err
[Error] 2017/12/15 07:18:49 error.go:7: get session from redis err
[Error] 2017/12/15 07:18:49 error.go:7: get session from redis err
[Error] 2017/12/15 07:18:50 error.go:7: get session from redis err
[Error] 2017/12/15 07:18:50 error.go:7: get session from redis err
[Error] 2017/12/15 07:19:01 error.go:7: get session from redis err
[Error] 2017/12/15 07:19:07 error.go:7: get session from redis err
[Error] 2017/12/15 07:19:07 error.go:7: get session from redis err
[Error] 2017/12/15 07:19:07 error.go:7: get session from redis err
[Error] 2017/12/15 07:43:30 error.go:7: store record photo err
[Error] 2017/12/15 07:45:02 error.go:7: store record photo err
[Error] 2017/12/15 07:48:23 error.go:7: store record photo err
[Error] 2017/12/15 07:53:09 error.go:7: get session from redis err
[Error] 2017/12/15 07:53:09 error.go:7: get session from redis err
[Error] 2017/12/15 07:53:09 error.go:7: get session from redis err
[Error] 2017/12/15 07:53:12 error.go:7: get session from redis err
[Error] 2017/12/15 07:53:12 error.go:7: get session from redis err
[Error] 2017/12/15 07:53:12 error.go:7: get session from redis err
[Error] 2017/12/15 07:53:16 error.go:7: get session from redis err
[Error] 2017/12/15 07:53:17 error.go:7: get session from redis err
[Error] 2017/12/15 07:53:20 error.go:7: get session from redis err
[Error] 2017/12/15 07:53:33 error.go:7: get session from redis err
[Error] 2017/12/15 07:53:33 error.go:7: get session from redis err
[Error] 2017/12/15 07:53:36 error.go:7: get session from redis err
[Error] 2017/12/15 07:53:36 error.go:7: get session from redis err
[Error] 2017/12/15 07:53:36 error.go:7: get session from redis err
[Error] 2017/12/15 07:53:51 error.go:7: get session from redis err
[Error] 2017/12/15 07:53:52 error.go:7: get session from redis err
[Error] 2017/12/15 07:53:52 error.go:7: get session from redis err
[Error] 2017/12/15 07:53:52 error.go:7: get session from redis err
[Error] 2017/12/15 08:01:38 error.go:7: get session from redis err
[Error] 2017/12/15 08:01:38 error.go:7: get session from redis err
[Error] 2017/12/15 08:01:38 error.go:7: get session from redis err
[Error] 2017/12/15 08:01:43 error.go:7: get session from redis err
[Error] 2017/12/15 08:01:43 error.go:7: get session from redis err
[Error] 2017/12/15 08:01:43 error.go:7: get session from redis err
[Error] 2017/12/15 08:01:59 error.go:7: get session from redis err
[Error] 2017/12/15 08:01:59 error.go:7: get session from redis err
[Error] 2017/12/15 08:01:59 error.go:7: get session from redis err
[Error] 2017/12/15 08:02:00 error.go:7: get session from redis err
[Error] 2017/12/15 08:02:00 error.go:7: get session from redis err
[Error] 2017/12/15 08:02:00 error.go:7: get session from redis err
[Error] 2017/12/15 08:02:01 error.go:7: get session from redis err
[Error] 2017/12/15 08:02:01 error.go:7: get session from redis err
[Error] 2017/12/15 08:02:01 error.go:7: get session from redis err
[Error] 2017/12/15 08:06:06 error.go:7: get session from redis err
[Error] 2017/12/15 08:06:06 error.go:7: get session from redis err
[Error] 2017/12/15 08:06:06 error.go:7: get session from redis err
[Error] 2017/12/15 08:06:10 error.go:7: get session from redis err
[Error] 2017/12/15 08:06:10 error.go:7: get session from redis err
[Error] 2017/12/15 08:06:10 error.go:7: get session from redis err
[Error] 2017/12/15 08:12:21 error.go:7: get session from redis err
[Error] 2017/12/15 08:12:21 error.go:7: get session from redis err
[Error] 2017/12/15 08:12:21 error.go:7: get session from redis err
[Error] 2017/12/15 11:24:42 error.go:7: get session from redis err
[Error] 2017/12/15 11:24:42 error.go:7: get session from redis err
[Error] 2017/12/15 11:24:42 error.go:7: get session from redis err
[Error] 2017/12/15 11:24:44 error.go:7: get session from redis err
[Error] 2017/12/15 11:24:44 error.go:7: get session from redis err
[Error] 2017/12/15 11:24:44 error.go:7: get session from redis err
[Error] 2017/12/15 11:24:46 error.go:7: get session from redis err
[Error] 2017/12/15 11:51:28 error.go:7: store record photo err
